<?xml version="1.0" encoding="UTF-8"?>
<testsuite xmlns:xsi="http://www.w3.org/2001/XMLSchema-instance" xsi:noNamespaceSchemaLocation="https://maven.apache.org/surefire/maven-surefire-plugin/xsd/surefire-test-report-3.0.xsd" version="3.0" name="com.mycompany.tvsma.SeriesModelTest" time="0.278" tests="1" errors="1" skipped="0" failures="0">
  <properties>
[...]
</properties>
  <testcase name="testToString" classname="com.mycompany.tvsma.SeriesModelTest" time="0.104">
    <error message="Cannot invoke &quot;com.mycompany.tvsma.SeriesModel.toString()&quot; because &quot;instance&quot; is null" type="java.lang.NullPointerException"><![CDATA[java.lang.NullPointerException: Cannot invoke "com.mycompany.tvsma.SeriesModel.toString()" because "instance" is null
	at com.mycompany.tvsma.SeriesModelTest.testToString(SeriesModelTest.java:63)
	at java.base/java.lang.reflect.Method.invoke(Method.java:565)
	at java.base/java.util.ArrayList.forEach(ArrayList.java:1604)
	at java.base/java.util.ArrayList.forEach(ArrayList.java:1604)
]]></error>
    <system-out><![CDATA[toString
]]></system-out>
  </testcase>
</testsuite>